#
# There is insufficient memory for the Java Runtime Environment to continue.
# Native memory allocation (malloc) failed to allocate 2559760 bytes. Error detail: Chunk::new
# Possible reasons:
#   The system is out of physical RAM or swap space
#   This process is running with CompressedOops enabled, and the Java Heap may be blocking the growth of the native heap
# Possible solutions:
#   Reduce memory load on the system
#   Increase physical memory or swap space
#   Check if swap backing store is full
#   Decrease Java heap size (-Xmx/-Xms)
#   Decrease number of Java threads
#   Decrease Java thread stack sizes (-Xss)
#   Set larger code cache with -XX:ReservedCodeCacheSize=
#   JVM is running with Unscaled Compressed Oops mode in which the Java heap is
#     placed in the first 4GB address space. The Java Heap base address is the
#     maximum limit for the native heap growth. Please use -XX:HeapBaseMinAddress
#     to set the Java Heap base and to place the Java Heap above 4GB virtual address.
# This output file may be truncated or incomplete.
#
#  Out of Memory Error (arena.cpp:168), pid=17924, tid=11216
#
# JRE version: OpenJDK Runtime Environment Temurin-21.0.10+7 (21.0.10+7) (build 21.0.10+7-LTS)
# Java VM: OpenJDK 64-Bit Server VM Temurin-21.0.10+7 (21.0.10+7-LTS, mixed mode, sharing, tiered, compressed oops, compressed class ptrs, serial gc, windows-amd64)
# No core dump will be written. Minidumps are not enabled by default on client versions of Windows
#

---------------  S U M M A R Y ------------

Command Line: --enable-native-access=ALL-UNNAMED -Xmx128m -XX:+UseSerialGC -Dclassworlds.conf=C:\Users\MSI\.m2\wrapper\dists\apache-maven-3.9.14\ed7edd442f634ac1c1ef5ba2b61b6d690b5221091f1a8e1123f5fadcc967520d\bin\m2.conf -Dmaven.home=C:\Users\MSI\.m2\wrapper\dists\apache-maven-3.9.14\ed7edd442f634ac1c1ef5ba2b61b6d690b5221091f1a8e1123f5fadcc967520d -Dlibrary.jansi.path=C:\Users\MSI\.m2\wrapper\dists\apache-maven-3.9.14\ed7edd442f634ac1c1ef5ba2b61b6d690b5221091f1a8e1123f5fadcc967520d\lib\jansi-native -Dmaven.multiModuleProjectDirectory=C:\Users\MSI\Desktop\Itpm sliit\it3030-paf-2026-smart-campus-Y3S1-WE-92\orbit-backend org.codehaus.plexus.classworlds.launcher.Launcher clean spring-boot:run -Dspring-boot.run.jvmArguments=-Xmx256m -XX:+UseSerialGC -XX:ReservedCodeCacheSize=64m

Host: 13th Gen Intel(R) Core(TM) i7-13620H, 16 cores, 15G,  Windows 11 , 64 bit Build 26100 (10.0.26100.8246)
Time: Tue Apr 21 21:33:12 2026 Sri Lanka Standard Time elapsed time: 10.620262 seconds (0d 0h 0m 10s)

---------------  T H R E A D  ---------------

Current thread (0x000001d0feb55990):  JavaThread "C2 CompilerThread2" daemon [_thread_in_native, id=11216, stack(0x000000b5cb400000,0x000000b5cb500000) (1024K)]


Current CompileTask:
C2:10620 7085       4       lombok.javac.JavacAST::buildStatementOrExpression (120 bytes)

Stack: [0x000000b5cb400000,0x000000b5cb500000]
Native frames: (J=compiled Java code, j=interpreted, Vv=VM code, C=native code)
V  [jvm.dll+0x6d7a39]
V  [jvm.dll+0x8b4b26]
V  [jvm.dll+0x8b70de]
V  [jvm.dll+0x8b77c3]
V  [jvm.dll+0x284346]
V  [jvm.dll+0xc66ed]
V  [jvm.dll+0xc6c31]
V  [jvm.dll+0x3bec3b]
V  [jvm.dll+0x1e3f69]
V  [jvm.dll+0x24c6b3]
V  [jvm.dll+0x24bb40]
V  [jvm.dll+0x1cb34e]
V  [jvm.dll+0x25b85d]
V  [jvm.dll+0x259dea]
V  [jvm.dll+0x3f857e]
V  [jvm.dll+0x85f59d]
V  [jvm.dll+0x6d626d]
C  [ucrtbase.dll+0x37b0]
C  [KERNEL32.DLL+0x2e8d7]
C  [ntdll.dll+0x8c3fc]


---------------  P R O C E S S  ---------------

Threads class SMR info:
_java_thread_list=0x000001d0c191f170, length=22, elements={
0x000001d0dfee9b30, 0x000001d0e23aea50, 0x000001d0e23af5b0, 0x000001d0e23b1c50,
0x000001d0e23b2f50, 0x000001d0e23b59c0, 0x000001d0e23bee30, 0x000001d0e1dbcfc0,
0x000001d0e1dbd670, 0x000001d0e1e68890, 0x000001d0e1f65100, 0x000001d0e1f79440,
0x000001d0e1f89c90, 0x000001d0fe19cd10, 0x000001d0ff014950, 0x000001d0c12ed5f0,
0x000001d0feb55990, 0x000001d0fe11b1f0, 0x000001d0fed9d4b0, 0x000001d0c378f3a0,
0x000001d0ff1b61d0, 0x000001d0c1c40920
}

Java Threads: ( => current thread )
  0x000001d0dfee9b30 JavaThread "main"                              [_thread_in_vm, id=13124, stack(0x000000b5ca300000,0x000000b5ca400000) (1024K)]
  0x000001d0e23aea50 JavaThread "Reference Handler"          daemon [_thread_blocked, id=3456, stack(0x000000b5ca600000,0x000000b5ca700000) (1024K)]
  0x000001d0e23af5b0 JavaThread "Finalizer"                  daemon [_thread_blocked, id=25416, stack(0x000000b5ca700000,0x000000b5ca800000) (1024K)]
  0x000001d0e23b1c50 JavaThread "Signal Dispatcher"          daemon [_thread_blocked, id=25744, stack(0x000000b5ca800000,0x000000b5ca900000) (1024K)]
  0x000001d0e23b2f50 JavaThread "Attach Listener"            daemon [_thread_blocked, id=16852, stack(0x000000b5ca900000,0x000000b5caa00000) (1024K)]
  0x000001d0e23b59c0 JavaThread "Service Thread"             daemon [_thread_blocked, id=23044, stack(0x000000b5caa00000,0x000000b5cab00000) (1024K)]
  0x000001d0e23bee30 JavaThread "Monitor Deflation Thread"   daemon [_thread_blocked, id=9428, stack(0x000000b5cab00000,0x000000b5cac00000) (1024K)]
  0x000001d0e1dbcfc0 JavaThread "C2 CompilerThread0"         daemon [_thread_in_native, id=18704, stack(0x000000b5cac00000,0x000000b5cad00000) (1024K)]
  0x000001d0e1dbd670 JavaThread "C1 CompilerThread0"         daemon [_thread_blocked, id=25296, stack(0x000000b5cad00000,0x000000b5cae00000) (1024K)]
  0x000001d0e1e68890 JavaThread "C1 CompilerThread1"         daemon [_thread_blocked, id=9832, stack(0x000000b5cae00000,0x000000b5caf00000) (1024K)]
  0x000001d0e1f65100 JavaThread "C1 CompilerThread2"         daemon [_thread_blocked, id=26784, stack(0x000000b5caf00000,0x000000b5cb000000) (1024K)]
  0x000001d0e1f79440 JavaThread "Notification Thread"        daemon [_thread_blocked, id=22920, stack(0x000000b5cb000000,0x000000b5cb100000) (1024K)]
  0x000001d0e1f89c90 JavaThread "Common-Cleaner"             daemon [_thread_blocked, id=1300, stack(0x000000b5cb100000,0x000000b5cb200000) (1024K)]
  0x000001d0fe19cd10 JavaThread "C1 CompilerThread3"         daemon [_thread_blocked, id=10128, stack(0x000000b5cb300000,0x000000b5cb400000) (1024K)]
  0x000001d0ff014950 JavaThread "Thread-1"                   daemon [_thread_blocked, id=10432, stack(0x000000b5cb600000,0x000000b5cb700000) (1024K)]
  0x000001d0c12ed5f0 JavaThread "C2 CompilerThread1"         daemon [_thread_in_native, id=6148, stack(0x000000b5cb200000,0x000000b5cb300000) (1024K)]
=>0x000001d0feb55990 JavaThread "C2 CompilerThread2"         daemon [_thread_in_native, id=11216, stack(0x000000b5cb400000,0x000000b5cb500000) (1024K)]
  0x000001d0fe11b1f0 JavaThread "C2 CompilerThread3"         daemon [_thread_in_native, id=23264, stack(0x000000b5cb500000,0x000000b5cb600000) (1024K)]
  0x000001d0fed9d4b0 JavaThread "C2 CompilerThread4"         daemon [_thread_in_native, id=24788, stack(0x000000b5cb700000,0x000000b5cb800000) (1024K)]
  0x000001d0c378f3a0 JavaThread "C2 CompilerThread5"         daemon [_thread_in_native, id=22760, stack(0x000000b5cb800000,0x000000b5cb900000) (1024K)]
  0x000001d0ff1b61d0 JavaThread "C2 CompilerThread6"         daemon [_thread_in_native, id=5796, stack(0x000000b5cb900000,0x000000b5cba00000) (1024K)]
  0x000001d0c1c40920 JavaThread "C2 CompilerThread7"         daemon [_thread_in_native, id=2836, stack(0x000000b5cba00000,0x000000b5cbb00000) (1024K)]
Total: 22

Other Threads:
  0x000001d0e2394ab0 VMThread "VM Thread"                           [id=23780, stack(0x000000b5ca500000,0x000000b5ca600000) (1024K)]
  0x000001d0e1d9cb20 WatcherThread "VM Periodic Task Thread"        [id=27608, stack(0x000000b5ca400000,0x000000b5ca500000) (1024K)]
Total: 2

Threads with active compile tasks:
C2 CompilerThread0  10645 7087   !   4       lombok.core.AST::buildWithField0 (121 bytes)
C2 CompilerThread1  10646 7078       4       lombok.core.AST::buildWithField (21 bytes)
C2 CompilerThread2  10646 7085       4       lombok.javac.JavacAST::buildStatementOrExpression (120 bytes)
C2 CompilerThread3  10646 7402   !   4       lombok.javac.JavacAST::drill (146 bytes)
C2 CompilerThread4  10647 7483       4       lombok.javac.handlers.JavacHandlerUtil::annotationTypeMatches (28 bytes)
C2 CompilerThread5  10647 8031       4       com.sun.tools.javac.comp.Resolve::findGlobalType (111 bytes)
C2 CompilerThread6  10647 7482       4       lombok.javac.JavacAST::buildTree (176 bytes)
C2 CompilerThread7  10648 7928       4       lombok.core.AST::buildWithCollection (128 bytes)
Total: 8

VM state: not at safepoint (normal execution)

VM Mutex/Monitor currently owned by a thread: None

Heap address: 0x00000000f8000000, size: 128 MB, Compressed Oops mode: 32-bit

CDS archive(s) mapped at: [0x000001d080000000-0x000001d080c80000-0x000001d080c80000), size 13107200, SharedBaseAddress: 0x000001d080000000, ArchiveRelocationMode: 1.
Compressed class space mapped at: 0x000001d081000000-0x000001d0c1000000, reserved size: 1073741824
Narrow klass base: 0x000001d080000000, Narrow klass shift: 0, Narrow klass range: 0x100000000

GC Precious Log:
 CardTable entry size: 512
 CPUs: 16 total, 16 available
 Memory: 16087M
 Large Page Support: Disabled
 NUMA Support: Disabled
 Compressed Oops: Enabled (32-bit)
 Heap Min Capacity: 8M
 Heap Initial Capacity: 128M
 Heap Max Capacity: 128M
 Pre-touch: Disabled

Heap:
 def new generation   total 39296K, used 22175K [0x00000000f8000000, 0x00000000faaa0000, 0x00000000faaa0000)
  eden space 34944K,  57% used [0x00000000f8000000, 0x00000000f93aa9e0, 0x00000000fa220000)
  from space 4352K,  46% used [0x00000000fa660000, 0x00000000fa85d268, 0x00000000faaa0000)
  to   space 4352K,   0% used [0x00000000fa220000, 0x00000000fa220000, 0x00000000fa660000)
 tenured generation   total 87424K, used 39947K [0x00000000faaa0000, 0x0000000100000000, 0x0000000100000000)
   the space 87424K,  45% used [0x00000000faaa0000, 0x00000000fd1a2c10, 0x00000000fd1a2e00, 0x0000000100000000)
 Metaspace       used 30831K, committed 31296K, reserved 1114112K
  class space    used 3477K, committed 3712K, reserved 1048576K

Card table byte_map: [0x000001d0e0170000,0x000001d0e01c0000] _byte_map_base: 0x000001d0df9b0000

Polling page: 0x000001d0e0130000

Metaspace:

Usage:
  Non-class:     26.71 MB used.
      Class:      3.40 MB used.
       Both:     30.11 MB used.

Virtual space:
  Non-class space:       64.00 MB reserved,      26.94 MB ( 42%) committed,  1 nodes.
      Class space:        1.00 GB reserved,       3.62 MB ( <1%) committed,  1 nodes.
             Both:        1.06 GB reserved,      30.56 MB (  3%) committed. 

Chunk freelists:
   Non-Class:  5.02 MB
       Class:  12.36 MB
        Both:  17.36 MB

MaxMetaspaceSize: unlimited
CompressedClassSpaceSize: 1.00 GB
Initial GC threshold: 21.00 MB
Current GC threshold: 35.00 MB
CDS: on
 - commit_granule_bytes: 65536.
 - commit_granule_words: 8192.
 - virtual_space_node_default_size: 8388608.
 - enlarge_chunks_in_place: 1.
 - use_allocation_guard: 0.


Internal statistics:

num_allocs_failed_limit: 3.
num_arena_births: 494.
num_arena_deaths: 0.
num_vsnodes_births: 2.
num_vsnodes_deaths: 0.
num_space_committed: 489.
num_space_uncommitted: 0.
num_chunks_returned_to_freelist: 3.
num_chunks_taken_from_freelist: 1703.
num_chunk_merges: 3.
num_chunk_splits: 1152.
num_chunks_enlarged: 833.
num_inconsistent_stats: 0.

CodeHeap 'non-profiled nmethods': size=119168Kb used=3854Kb max_used=3854Kb free=115313Kb
 bounds [0x000001d0f25d0000, 0x000001d0f29a0000, 0x000001d0f9a30000]
CodeHeap 'profiled nmethods': size=119104Kb used=17913Kb max_used=17913Kb free=101190Kb
 bounds [0x000001d0eaa30000, 0x000001d0ebbb0000, 0x000001d0f1e80000]
CodeHeap 'non-nmethods': size=7488Kb used=2953Kb max_used=3020Kb free=4534Kb
 bounds [0x000001d0f1e80000, 0x000001d0f2180000, 0x000001d0f25d0000]
CodeCache: size=245760Kb, used=24720Kb, max_used=24787Kb, free=221037Kb
 total_blobs=8457, nmethods=7916, adapters=444, full_count=0
Compilation: enabled, stopped_count=0, restarted_count=0

Compilation events (20 events):
Event: 10.548 Thread 0x000001d0e1dbd670 nmethod 8026 0x000001d0ebb9eb90 code [0x000001d0ebb9ed80, 0x000001d0ebb9f158]
Event: 10.571 Thread 0x000001d0c378f3a0 nmethod 7930 0x000001d0f2990990 code [0x000001d0f2990de0, 0x000001d0f2992208]
Event: 10.575 Thread 0x000001d0e1e68890 8035       3       com.sun.tools.javac.code.TypeAnnotations::annotationTargetType (78 bytes)
Event: 10.575 Thread 0x000001d0e1dbd670 8036       3       com.sun.tools.javac.code.TypeAnnotations::annotationTargets (74 bytes)
Event: 10.577 Thread 0x000001d0e1f65100 8037       2       com.sun.tools.javac.code.TypeAnnotationPosition::field (20 bytes)
Event: 10.577 Thread 0x000001d0e1f65100 nmethod 8037 0x000001d0ebb9f490 code [0x000001d0ebb9f640, 0x000001d0ebb9f7e0]
Event: 10.579 Thread 0x000001d0e1dbd670 nmethod 8036 0x000001d0ebb9f890 code [0x000001d0ebb9fbc0, 0x000001d0ebba0f08]
Event: 10.579 Thread 0x000001d0fe19cd10 8039       3       com.sun.tools.javac.comp.Attr$TypeAnnotationsValidator::validateAnnotatedType (680 bytes)
Event: 10.579 Thread 0x000001d0e1e68890 nmethod 8035 0x000001d0ebba1510 code [0x000001d0ebba1880, 0x000001d0ebba2e10]
Event: 10.579 Thread 0x000001d0e1f65100 8040       2       com.sun.tools.javac.jvm.ClassReader$1::getEnclosingType (111 bytes)
Event: 10.581 Thread 0x000001d0e1dbd670 8042       2       com.sun.tools.javac.tree.TreeScanner::visitClassDef (49 bytes)
Event: 10.582 Thread 0x000001d0e1e68890 8044       2       com.sun.tools.javac.tree.JCTree$JCWildcard::getTag (4 bytes)
Event: 10.583 Thread 0x000001d0e1e68890 nmethod 8044 0x000001d0ebba3590 code [0x000001d0ebba3720, 0x000001d0ebba3830]
Event: 10.584 Thread 0x000001d0e1f65100 nmethod 8040 0x000001d0ebba3910 code [0x000001d0ebba3b60, 0x000001d0ebba4128]
Event: 10.584 Thread 0x000001d0e1e68890 8045       2       com.sun.tools.javac.tree.JCTree$JCWildcard::accept (6 bytes)
Event: 10.585 Thread 0x000001d0e1dbd670 nmethod 8042 0x000001d0ebba4610 code [0x000001d0ebba4840, 0x000001d0ebba4e18]
Event: 10.585 Thread 0x000001d0c378f3a0 8030       4       com.sun.tools.javac.code.Kinds$KindSelector::of (46 bytes)
Event: 10.585 Thread 0x000001d0e1e68890 nmethod 8045 0x000001d0ebba5190 code [0x000001d0ebba5340, 0x000001d0ebba5480]
Event: 10.599 Thread 0x000001d0fe19cd10 nmethod 8039 0x000001d0ebba5510 code [0x000001d0ebba5e80, 0x000001d0ebbac7a8]
Event: 10.614 Thread 0x000001d0c378f3a0 nmethod 8030 0x000001d0f2993590 code [0x000001d0f2993720, 0x000001d0f29938b0]

GC Heap History (20 events):
Event: 3.637 GC heap before
{Heap before GC invocations=2 (full 0):
 def new generation   total 39296K, used 37183K [0x00000000f8000000, 0x00000000faaa0000, 0x00000000faaa0000)
  eden space 34944K, 100% used [0x00000000f8000000, 0x00000000fa220000, 0x00000000fa220000)
  from space 4352K,  51% used [0x00000000fa220000, 0x00000000fa44fcc8, 0x00000000fa660000)
  to   space 4352K,   0% used [0x00000000fa660000, 0x00000000fa660000, 0x00000000faaa0000)
 tenured generation   total 87424K, used 3633K [0x00000000faaa0000, 0x0000000100000000, 0x0000000100000000)
   the space 87424K,   4% used [0x00000000faaa0000, 0x00000000fae2c620, 0x00000000fae2c800, 0x0000000100000000)
 Metaspace       used 15190K, committed 15424K, reserved 1114112K
  class space    used 1805K, committed 1920K, reserved 1048576K
}
Event: 3.656 GC heap after
{Heap after GC invocations=3 (full 0):
 def new generation   total 39296K, used 4351K [0x00000000f8000000, 0x00000000faaa0000, 0x00000000faaa0000)
  eden space 34944K,   0% used [0x00000000f8000000, 0x00000000f8000000, 0x00000000fa220000)
  from space 4352K,  99% used [0x00000000fa660000, 0x00000000faa9fff8, 0x00000000faaa0000)
  to   space 4352K,   0% used [0x00000000fa220000, 0x00000000fa220000, 0x00000000fa660000)
 tenured generation   total 87424K, used 6089K [0x00000000faaa0000, 0x0000000100000000, 0x0000000100000000)
   the space 87424K,   6% used [0x00000000faaa0000, 0x00000000fb092698, 0x00000000fb092800, 0x0000000100000000)
 Metaspace       used 15190K, committed 15424K, reserved 1114112K
  class space    used 1805K, committed 1920K, reserved 1048576K
}
Event: 4.537 GC heap before
{Heap before GC invocations=3 (full 0):
 def new generation   total 39296K, used 39295K [0x00000000f8000000, 0x00000000faaa0000, 0x00000000faaa0000)
  eden space 34944K, 100% used [0x00000000f8000000, 0x00000000fa220000, 0x00000000fa220000)
  from space 4352K,  99% used [0x00000000fa660000, 0x00000000faa9fff8, 0x00000000faaa0000)
  to   space 4352K,   0% used [0x00000000fa220000, 0x00000000fa220000, 0x00000000fa660000)
 tenured generation   total 87424K, used 6089K [0x00000000faaa0000, 0x0000000100000000, 0x0000000100000000)
   the space 87424K,   6% used [0x00000000faaa0000, 0x00000000fb092698, 0x00000000fb092800, 0x0000000100000000)
 Metaspace       used 16201K, committed 16448K, reserved 1114112K
  class space    used 1887K, committed 1984K, reserved 1048576K
}
Event: 4.552 GC heap after
{Heap after GC invocations=4 (full 0):
 def new generation   total 39296K, used 2433K [0x00000000f8000000, 0x00000000faaa0000, 0x00000000faaa0000)
  eden space 34944K,   0% used [0x00000000f8000000, 0x00000000f8000000, 0x00000000fa220000)
  from space 4352K,  55% used [0x00000000fa220000, 0x00000000fa4807d0, 0x00000000fa660000)
  to   space 4352K,   0% used [0x00000000fa660000, 0x00000000fa660000, 0x00000000faaa0000)
 tenured generation   total 87424K, used 10232K [0x00000000faaa0000, 0x0000000100000000, 0x0000000100000000)
   the space 87424K,  11% used [0x00000000faaa0000, 0x00000000fb49e050, 0x00000000fb49e200, 0x0000000100000000)
 Metaspace       used 16201K, committed 16448K, reserved 1114112K
  class space    used 1887K, committed 1984K, reserved 1048576K
}
Event: 5.527 GC heap before
{Heap before GC invocations=4 (full 0):
 def new generation   total 39296K, used 37377K [0x00000000f8000000, 0x00000000faaa0000, 0x00000000faaa0000)
  eden space 34944K, 100% used [0x00000000f8000000, 0x00000000fa220000, 0x00000000fa220000)
  from space 4352K,  55% used [0x00000000fa220000, 0x00000000fa4807d0, 0x00000000fa660000)
  to   space 4352K,   0% used [0x00000000fa660000, 0x00000000fa660000, 0x00000000faaa0000)
 tenured generation   total 87424K, used 10232K [0x00000000faaa0000, 0x0000000100000000, 0x0000000100000000)
   the space 87424K,  11% used [0x00000000faaa0000, 0x00000000fb49e050, 0x00000000fb49e200, 0x0000000100000000)
 Metaspace       used 17281K, committed 17536K, reserved 1114112K
  class space    used 1998K, committed 2112K, reserved 1048576K
}
Event: 5.537 GC heap after
{Heap after GC invocations=5 (full 0):
 def new generation   total 39296K, used 2096K [0x00000000f8000000, 0x00000000faaa0000, 0x00000000faaa0000)
  eden space 34944K,   0% used [0x00000000f8000000, 0x00000000f8000000, 0x00000000fa220000)
  from space 4352K,  48% used [0x00000000fa660000, 0x00000000fa86c108, 0x00000000faaa0000)
  to   space 4352K,   0% used [0x00000000fa220000, 0x00000000fa220000, 0x00000000fa660000)
 tenured generation   total 87424K, used 11949K [0x00000000faaa0000, 0x0000000100000000, 0x0000000100000000)
   the space 87424K,  13% used [0x00000000faaa0000, 0x00000000fb64b7d8, 0x00000000fb64b800, 0x0000000100000000)
 Metaspace       used 17281K, committed 17536K, reserved 1114112K
  class space    used 1998K, committed 2112K, reserved 1048576K
}
Event: 6.321 GC heap before
{Heap before GC invocations=5 (full 0):
 def new generation   total 39296K, used 37040K [0x00000000f8000000, 0x00000000faaa0000, 0x00000000faaa0000)
  eden space 34944K, 100% used [0x00000000f8000000, 0x00000000fa220000, 0x00000000fa220000)
  from space 4352K,  48% used [0x00000000fa660000, 0x00000000fa86c108, 0x00000000faaa0000)
  to   space 4352K,   0% used [0x00000000fa220000, 0x00000000fa220000, 0x00000000fa660000)
 tenured generation   total 87424K, used 11949K [0x00000000faaa0000, 0x0000000100000000, 0x0000000100000000)
   the space 87424K,  13% used [0x00000000faaa0000, 0x00000000fb64b7d8, 0x00000000fb64b800, 0x0000000100000000)
 Metaspace       used 20811K, committed 21184K, reserved 1114112K
  class space    used 2374K, committed 2560K, reserved 1048576K
}
Event: 6.338 GC heap after
{Heap after GC invocations=6 (full 0):
 def new generation   total 39296K, used 4352K [0x00000000f8000000, 0x00000000faaa0000, 0x00000000faaa0000)
  eden space 34944K,   0% used [0x00000000f8000000, 0x00000000f8000000, 0x00000000fa220000)
  from space 4352K, 100% used [0x00000000fa220000, 0x00000000fa660000, 0x00000000fa660000)
  to   space 4352K,   0% used [0x00000000fa660000, 0x00000000fa660000, 0x00000000faaa0000)
 tenured generation   total 87424K, used 16482K [0x00000000faaa0000, 0x0000000100000000, 0x0000000100000000)
   the space 87424K,  18% used [0x00000000faaa0000, 0x00000000fbab88f8, 0x00000000fbab8a00, 0x0000000100000000)
 Metaspace       used 20811K, committed 21184K, reserved 1114112K
  class space    used 2374K, committed 2560K, reserved 1048576K
}
Event: 6.434 GC heap before
{Heap before GC invocations=6 (full 0):
 def new generation   total 39296K, used 8447K [0x00000000f8000000, 0x00000000faaa0000, 0x00000000faaa0000)
  eden space 34944K,  11% used [0x00000000f8000000, 0x00000000f83ffd40, 0x00000000fa220000)
  from space 4352K, 100% used [0x00000000fa220000, 0x00000000fa660000, 0x00000000fa660000)
  to   space 4352K,   0% used [0x00000000fa660000, 0x00000000fa660000, 0x00000000faaa0000)
 tenured generation   total 87424K, used 16482K [0x00000000faaa0000, 0x0000000100000000, 0x0000000100000000)
   the space 87424K,  18% used [0x00000000faaa0000, 0x00000000fbab88f8, 0x00000000fbab8a00, 0x0000000100000000)
 Metaspace       used 21209K, committed 21504K, reserved 1114112K
  class space    used 2410K, committed 2560K, reserved 1048576K
}
Event: 6.492 GC heap after
{Heap after GC invocations=7 (full 1):
 def new generation   total 39296K, used 0K [0x00000000f8000000, 0x00000000faaa0000, 0x00000000faaa0000)
  eden space 34944K,   0% used [0x00000000f8000000, 0x00000000f8000000, 0x00000000fa220000)
  from space 4352K,   0% used [0x00000000fa220000, 0x00000000fa220000, 0x00000000fa660000)
  to   space 4352K,   0% used [0x00000000fa660000, 0x00000000fa660000, 0x00000000faaa0000)
 tenured generation   total 87424K, used 23010K [0x00000000faaa0000, 0x0000000100000000, 0x0000000100000000)
   the space 87424K,  26% used [0x00000000faaa0000, 0x00000000fc118a90, 0x00000000fc118c00, 0x0000000100000000)
 Metaspace       used 21209K, committed 21504K, reserved 1114112K
  class space    used 2410K, committed 2560K, reserved 1048576K
}
Event: 7.664 GC heap before
{Heap before GC invocations=7 (full 1):
 def new generation   total 39296K, used 34944K [0x00000000f8000000, 0x00000000faaa0000, 0x00000000faaa0000)
  eden space 34944K, 100% used [0x00000000f8000000, 0x00000000fa220000, 0x00000000fa220000)
  from space 4352K,   0% used [0x00000000fa220000, 0x00000000fa220000, 0x00000000fa660000)
  to   space 4352K,   0% used [0x00000000fa660000, 0x00000000fa660000, 0x00000000faaa0000)
 tenured generation   total 87424K, used 23010K [0x00000000faaa0000, 0x0000000100000000, 0x0000000100000000)
   the space 87424K,  26% used [0x00000000faaa0000, 0x00000000fc118a90, 0x00000000fc118c00, 0x0000000100000000)
 Metaspace       used 27026K, committed 27392K, reserved 1114112K
  class space    used 3094K, committed 3264K, reserved 1048576K
}
Event: 7.692 GC heap after
{Heap after GC invocations=8 (full 1):
 def new generation   total 39296K, used 4352K [0x00000000f8000000, 0x00000000faaa0000, 0x00000000faaa0000)
  eden space 34944K,   0% used [0x00000000f8000000, 0x00000000f8000000, 0x00000000fa220000)
  from space 4352K, 100% used [0x00000000fa660000, 0x00000000faaa0000, 0x00000000faaa0000)
  to   space 4352K,   0% used [0x00000000fa220000, 0x00000000fa220000, 0x00000000fa660000)
 tenured generation   total 87424K, used 29007K [0x00000000faaa0000, 0x0000000100000000, 0x0000000100000000)
   the space 87424K,  33% used [0x00000000faaa0000, 0x00000000fc6f3d60, 0x00000000fc6f3e00, 0x0000000100000000)
 Metaspace       used 27026K, committed 27392K, reserved 1114112K
  class space    used 3094K, committed 3264K, reserved 1048576K
}
Event: 8.461 GC heap before
{Heap before GC invocations=8 (full 1):
 def new generation   total 39296K, used 39296K [0x00000000f8000000, 0x00000000faaa0000, 0x00000000faaa0000)
  eden space 34944K, 100% used [0x00000000f8000000, 0x00000000fa220000, 0x00000000fa220000)
  from space 4352K, 100% used [0x00000000fa660000, 0x00000000faaa0000, 0x00000000faaa0000)
  to   space 4352K,   0% used [0x00000000fa220000, 0x00000000fa220000, 0x00000000fa660000)
 tenured generation   total 87424K, used 29007K [0x00000000faaa0000, 0x0000000100000000, 0x0000000100000000)
   the space 87424K,  33% used [0x00000000faaa0000, 0x00000000fc6f3d60, 0x00000000fc6f3e00, 0x0000000100000000)
 Metaspace       used 27944K, committed 28352K, reserved 1114112K
  class space    used 3164K, committed 3328K, reserved 1048576K
}
Event: 8.485 GC heap after
{Heap after GC invocations=9 (full 1):
 def new generation   total 39296K, used 4351K [0x00000000f8000000, 0x00000000faaa0000, 0x00000000faaa0000)
  eden space 34944K,   0% used [0x00000000f8000000, 0x00000000f8000000, 0x00000000fa220000)
  from space 4352K,  99% used [0x00000000fa220000, 0x00000000fa65fff8, 0x00000000fa660000)
  to   space 4352K,   0% used [0x00000000fa660000, 0x00000000fa660000, 0x00000000faaa0000)
 tenured generation   total 87424K, used 34741K [0x00000000faaa0000, 0x0000000100000000, 0x0000000100000000)
   the space 87424K,  39% used [0x00000000faaa0000, 0x00000000fcc8d470, 0x00000000fcc8d600, 0x0000000100000000)
 Metaspace       used 27944K, committed 28352K, reserved 1114112K
  class space    used 3164K, committed 3328K, reserved 1048576K
}
Event: 9.377 GC heap before
{Heap before GC invocations=9 (full 1):
 def new generation   total 39296K, used 39295K [0x00000000f8000000, 0x00000000faaa0000, 0x00000000faaa0000)
  eden space 34944K, 100% used [0x00000000f8000000, 0x00000000fa220000, 0x00000000fa220000)
  from space 4352K,  99% used [0x00000000fa220000, 0x00000000fa65fff8, 0x00000000fa660000)
  to   space 4352K,   0% used [0x00000000fa660000, 0x00000000fa660000, 0x00000000faaa0000)
 tenured generation   total 87424K, used 34741K [0x00000000faaa0000, 0x0000000100000000, 0x0000000100000000)
   the space 87424K,  39% used [0x00000000faaa0000, 0x00000000fcc8d470, 0x00000000fcc8d600, 0x0000000100000000)
 Metaspace       used 29842K, committed 30272K, reserved 1114112K
  class space    used 3396K, committed 3584K, reserved 1048576K
}
Event: 9.396 GC heap after
{Heap after GC invocations=10 (full 1):
 def new generation   total 39296K, used 903K [0x00000000f8000000, 0x00000000faaa0000, 0x00000000faaa0000)
  eden space 34944K,   0% used [0x00000000f8000000, 0x00000000f8000000, 0x00000000fa220000)
  from space 4352K,  20% used [0x00000000fa660000, 0x00000000fa741f58, 0x00000000faaa0000)
  to   space 4352K,   0% used [0x00000000fa220000, 0x00000000fa220000, 0x00000000fa660000)
 tenured generation   total 87424K, used 39085K [0x00000000faaa0000, 0x0000000100000000, 0x0000000100000000)
   the space 87424K,  44% used [0x00000000faaa0000, 0x00000000fd0cb450, 0x00000000fd0cb600, 0x0000000100000000)
 Metaspace       used 29842K, committed 30272K, reserved 1114112K
  class space    used 3396K, committed 3584K, reserved 1048576K
}
Event: 10.079 GC heap before
{Heap before GC invocations=10 (full 1):
 def new generation   total 39296K, used 35847K [0x00000000f8000000, 0x00000000faaa0000, 0x00000000faaa0000)
  eden space 34944K, 100% used [0x00000000f8000000, 0x00000000fa220000, 0x00000000fa220000)
  from space 4352K,  20% used [0x00000000fa660000, 0x00000000fa741f58, 0x00000000faaa0000)
  to   space 4352K,   0% used [0x00000000fa220000, 0x00000000fa220000, 0x00000000fa660000)
 tenured generation   total 87424K, used 39085K [0x00000000faaa0000, 0x0000000100000000, 0x0000000100000000)
   the space 87424K,  44% used [0x00000000faaa0000, 0x00000000fd0cb450, 0x00000000fd0cb600, 0x0000000100000000)
 Metaspace       used 30440K, committed 30912K, reserved 1114112K
  class space    used 3455K, committed 3648K, reserved 1048576K
}
Event: 10.094 GC heap after
{Heap after GC invocations=11 (full 1):
 def new generation   total 39296K, used 2519K [0x00000000f8000000, 0x00000000faaa0000, 0x00000000faaa0000)
  eden space 34944K,   0% used [0x00000000f8000000, 0x00000000f8000000, 0x00000000fa220000)
  from space 4352K,  57% used [0x00000000fa220000, 0x00000000fa495d20, 0x00000000fa660000)
  to   space 4352K,   0% used [0x00000000fa660000, 0x00000000fa660000, 0x00000000faaa0000)
 tenured generation   total 87424K, used 39085K [0x00000000faaa0000, 0x0000000100000000, 0x0000000100000000)
   the space 87424K,  44% used [0x00000000faaa0000, 0x00000000fd0cb450, 0x00000000fd0cb600, 0x0000000100000000)
 Metaspace       used 30440K, committed 30912K, reserved 1114112K
  class space    used 3455K, committed 3648K, reserved 1048576K
}
Event: 10.423 GC heap before
{Heap before GC invocations=11 (full 1):
 def new generation   total 39296K, used 37463K [0x00000000f8000000, 0x00000000faaa0000, 0x00000000faaa0000)
  eden space 34944K, 100% used [0x00000000f8000000, 0x00000000fa220000, 0x00000000fa220000)
  from space 4352K,  57% used [0x00000000fa220000, 0x00000000fa495d20, 0x00000000fa660000)
  to   space 4352K,   0% used [0x00000000fa660000, 0x00000000fa660000, 0x00000000faaa0000)
 tenured generation   total 87424K, used 39085K [0x00000000faaa0000, 0x0000000100000000, 0x0000000100000000)
   the space 87424K,  44% used [0x00000000faaa0000, 0x00000000fd0cb450, 0x00000000fd0cb600, 0x0000000100000000)
 Metaspace       used 30696K, committed 31168K, reserved 1114112K
  class space    used 3461K, committed 3648K, reserved 1048576K
}
Event: 10.434 GC heap after
{Heap after GC invocations=12 (full 1):
 def new generation   total 39296K, used 2036K [0x00000000f8000000, 0x00000000faaa0000, 0x00000000faaa0000)
  eden space 34944K,   0% used [0x00000000f8000000, 0x00000000f8000000, 0x00000000fa220000)
  from space 4352K,  46% used [0x00000000fa660000, 0x00000000fa85d268, 0x00000000faaa0000)
  to   space 4352K,   0% used [0x00000000fa220000, 0x00000000fa220000, 0x00000000fa660000)
 tenured generation   total 87424K, used 39947K [0x00000000faaa0000, 0x0000000100000000, 0x0000000100000000)
   the space 87424K,  45% used [0x00000000faaa0000, 0x00000000fd1a2c10, 0x00000000fd1a2e00, 0x0000000100000000)
 Metaspace       used 30696K, committed 31168K, reserved 1114112K
  class space    used 3461K, committed 3648K, reserved 1048576K
}

Dll operation events (8 events):
Event: 0.020 Loaded shared library C:\Program Files\Eclipse Adoptium\jdk-21.0.10.7-hotspot\bin\java.dll
Event: 0.053 Loaded shared library C:\Program Files\Eclipse Adoptium\jdk-21.0.10.7-hotspot\bin\jsvml.dll
Event: 0.073 Loaded shared library C:\Program Files\Eclipse Adoptium\jdk-21.0.10.7-hotspot\bin\net.dll
Event: 0.075 Loaded shared library C:\Program Files\Eclipse Adoptium\jdk-21.0.10.7-hotspot\bin\nio.dll
Event: 0.078 Loaded shared library C:\Program Files\Eclipse Adoptium\jdk-21.0.10.7-hotspot\bin\zip.dll
Event: 0.252 Loaded shared library C:\Program Files\Eclipse Adoptium\jdk-21.0.10.7-hotspot\bin\jimage.dll
Event: 0.252 Loaded shared library C:\Users\MSI\.m2\wrapper\dists\apache-maven-3.9.14\ed7edd442f634ac1c1ef5ba2b61b6d690b5221091f1a8e1123f5fadcc967520d\lib\jansi-native\Windows\x86_64\jansi.dll
Event: 0.266 Loaded shared library C:\Program Files\Eclipse Adoptium\jdk-21.0.10.7-hotspot\bin\verify.dll

Deoptimization events (20 events):
Event: 10.383 Thread 0x000001d0dfee9b30 Uncommon trap: trap_request=0xffffffc6 fr.pc=0x000001d0f2959f88 relative=0x0000000000000f28
Event: 10.383 Thread 0x000001d0dfee9b30 Uncommon trap: reason=bimorphic_or_optimized_type_check action=maybe_recompile pc=0x000001d0f2959f88 method=lombok.javac.JavacNode.traverse(Llombok/javac/JavacASTVisitor;)V @ 113 c2
Event: 10.384 Thread 0x000001d0dfee9b30 DEOPT PACKING pc=0x000001d0f2959f88 sp=0x000000b5ca3fcdf0
Event: 10.384 Thread 0x000001d0dfee9b30 DEOPT UNPACKING pc=0x000001d0f1ed3aa2 sp=0x000000b5ca3fcd78 mode 2
Event: 10.384 Thread 0x000001d0dfee9b30 Uncommon trap: trap_request=0xffffffc6 fr.pc=0x000001d0f29591a8 relative=0x0000000000000148
Event: 10.384 Thread 0x000001d0dfee9b30 Uncommon trap: reason=bimorphic_or_optimized_type_check action=maybe_recompile pc=0x000001d0f29591a8 method=lombok.javac.JavacNode.traverse(Llombok/javac/JavacASTVisitor;)V @ 490 c2
Event: 10.385 Thread 0x000001d0dfee9b30 DEOPT PACKING pc=0x000001d0f29591a8 sp=0x000000b5ca3fcd10
Event: 10.385 Thread 0x000001d0dfee9b30 DEOPT UNPACKING pc=0x000001d0f1ed3aa2 sp=0x000000b5ca3fcc90 mode 2
Event: 10.385 Thread 0x000001d0dfee9b30 Uncommon trap: trap_request=0xffffffc6 fr.pc=0x000001d0f29591a8 relative=0x0000000000000148
Event: 10.385 Thread 0x000001d0dfee9b30 Uncommon trap: reason=bimorphic_or_optimized_type_check action=maybe_recompile pc=0x000001d0f29591a8 method=lombok.javac.JavacNode.traverse(Llombok/javac/JavacASTVisitor;)V @ 490 c2
Event: 10.386 Thread 0x000001d0dfee9b30 DEOPT PACKING pc=0x000001d0f29591a8 sp=0x000000b5ca3fcd10
Event: 10.386 Thread 0x000001d0dfee9b30 DEOPT UNPACKING pc=0x000001d0f1ed3aa2 sp=0x000000b5ca3fcc90 mode 2
Event: 10.398 Thread 0x000001d0dfee9b30 DEOPT PACKING pc=0x000001d0eb8a183b sp=0x000000b5ca3fc9d0
Event: 10.398 Thread 0x000001d0dfee9b30 DEOPT UNPACKING pc=0x000001d0f1ed4242 sp=0x000000b5ca3fbf08 mode 0
Event: 10.409 Thread 0x000001d0dfee9b30 DEOPT PACKING pc=0x000001d0eb906b78 sp=0x000000b5ca3fc980
Event: 10.409 Thread 0x000001d0dfee9b30 DEOPT UNPACKING pc=0x000001d0f1ed4242 sp=0x000000b5ca3fbe68 mode 0
Event: 10.447 Thread 0x000001d0dfee9b30 DEOPT PACKING pc=0x000001d0eb8a183b sp=0x000000b5ca3fc950
Event: 10.447 Thread 0x000001d0dfee9b30 DEOPT UNPACKING pc=0x000001d0f1ed4242 sp=0x000000b5ca3fbe88 mode 0
Event: 10.455 Thread 0x000001d0dfee9b30 DEOPT PACKING pc=0x000001d0eb906b78 sp=0x000000b5ca3fc900
Event: 10.455 Thread 0x000001d0dfee9b30 DEOPT UNPACKING pc=0x000001d0f1ed4242 sp=0x000000b5ca3fbde8 mode 0

Classes loaded (20 events):
Event: 8.746 Loading class java/io/PushbackInputStream
Event: 8.746 Loading class java/io/PushbackInputStream done
Event: 9.024 Loading class java/util/Collections$UnmodifiableSortedSet
Event: 9.028 Loading class java/util/Collections$UnmodifiableSortedSet done
Event: 9.042 Loading class java/util/IdentityHashMap$EntrySet
Event: 9.042 Loading class java/util/IdentityHashMap$EntrySet done
Event: 9.042 Loading class java/util/IdentityHashMap$EntryIterator
Event: 9.042 Loading class java/util/IdentityHashMap$EntryIterator done
Event: 9.042 Loading class java/util/IdentityHashMap$EntryIterator$Entry
Event: 9.043 Loading class java/util/IdentityHashMap$EntryIterator$Entry done
Event: 9.058 Loading class java/util/function/UnaryOperator
Event: 9.058 Loading class java/util/function/UnaryOperator done
Event: 9.070 Loading class java/util/regex/Pattern$Caret
Event: 9.072 Loading class java/util/regex/Pattern$Caret done
Event: 9.227 Loading class java/util/regex/Pattern$SliceI
Event: 9.227 Loading class java/util/regex/Pattern$SliceI done
Event: 9.233 Loading class java/util/regex/Pattern$Loop
Event: 9.233 Loading class java/util/regex/Pattern$Loop done
Event: 9.233 Loading class java/util/regex/Pattern$Prolog
Event: 9.234 Loading class java/util/regex/Pattern$Prolog done

Classes unloaded (0 events):
No events

Classes redefined (0 events):
No events

Internal exceptions (20 events):
Event: 9.352 Thread 0x000001d0dfee9b30 Exception <a 'java/lang/NoSuchMethodError'{0x00000000fa19acc0}: 'java.lang.Object java.lang.invoke.DirectMethodHandle$Holder.invokeVirtual(java.lang.Object, java.lang.Object, java.lang.Object, java.lang.Object, java.lang.Object, java.lang.Object)'> (0x00000000fa19acc0) 
thrown [s\src\hotspot\share\interpreter\linkResolver.cpp, line 773]
Event: 9.359 Thread 0x000001d0dfee9b30 Implicit null exception at 0x000001d0f27c11fd to 0x000001d0f27c1364
Event: 9.498 Thread 0x000001d0dfee9b30 Exception <a 'java/lang/NoSuchMethodError'{0x00000000f8288eb8}: 'java.lang.Object java.lang.invoke.DirectMethodHandle$Holder.invokeVirtual(java.lang.Object, java.lang.Object, java.lang.Object, java.lang.Object, java.lang.Object)'> (0x00000000f8288eb8) 
thrown [s\src\hotspot\share\interpreter\linkResolver.cpp, line 773]
Event: 9.509 Thread 0x000001d0dfee9b30 Exception <a 'java/lang/NoSuchMethodError'{0x00000000f82a9980}: 'java.lang.Object java.lang.invoke.DirectMethodHandle$Holder.invokeVirtual(java.lang.Object, java.lang.Object, java.lang.Object, java.lang.Object, java.lang.Object, java.lang.Object, java.lang.Object)'> (0x00000000f82a9980) 
thrown [s\src\hotspot\share\interpreter\linkResolver.cpp, line 773]
Event: 9.705 Thread 0x000001d0dfee9b30 Exception <a 'sun/nio/fs/WindowsException'{0x00000000f8bc8ff8}> (0x00000000f8bc8ff8) 
thrown [s\src\hotspot\share\prims\jni.cpp, line 520]
Event: 9.706 Thread 0x000001d0dfee9b30 Exception <a 'sun/nio/fs/WindowsException'{0x00000000f8bcd108}> (0x00000000f8bcd108) 
thrown [s\src\hotspot\share\prims\jni.cpp, line 520]
Event: 9.708 Thread 0x000001d0dfee9b30 Exception <a 'sun/nio/fs/WindowsException'{0x00000000f8bd3370}> (0x00000000f8bd3370) 
thrown [s\src\hotspot\share\prims\jni.cpp, line 520]
Event: 9.708 Thread 0x000001d0dfee9b30 Exception <a 'sun/nio/fs/WindowsException'{0x00000000f8bd4368}> (0x00000000f8bd4368) 
thrown [s\src\hotspot\share\prims\jni.cpp, line 520]
Event: 10.241 Thread 0x000001d0dfee9b30 Exception <a 'sun/nio/fs/WindowsException'{0x00000000f89c5070}> (0x00000000f89c5070) 
thrown [s\src\hotspot\share\prims\jni.cpp, line 520]
Event: 10.241 Thread 0x000001d0dfee9b30 Exception <a 'sun/nio/fs/WindowsException'{0x00000000f89c5ae8}> (0x00000000f89c5ae8) 
thrown [s\src\hotspot\share\prims\jni.cpp, line 520]
Event: 10.242 Thread 0x000001d0dfee9b30 Exception <a 'sun/nio/fs/WindowsException'{0x00000000f89c6648}> (0x00000000f89c6648) 
thrown [s\src\hotspot\share\prims\jni.cpp, line 520]
Event: 10.323 Thread 0x000001d0dfee9b30 Exception <a 'sun/nio/fs/WindowsException'{0x00000000f94b3a98}> (0x00000000f94b3a98) 
thrown [s\src\hotspot\share\prims\jni.cpp, line 520]
Event: 10.323 Thread 0x000001d0dfee9b30 Exception <a 'sun/nio/fs/WindowsException'{0x00000000f94b4510}> (0x00000000f94b4510) 
thrown [s\src\hotspot\share\prims\jni.cpp, line 520]
Event: 10.323 Thread 0x000001d0dfee9b30 Exception <a 'sun/nio/fs/WindowsException'{0x00000000f94b5070}> (0x00000000f94b5070) 
thrown [s\src\hotspot\share\prims\jni.cpp, line 520]
Event: 10.462 Thread 0x000001d0dfee9b30 Exception <a 'sun/nio/fs/WindowsException'{0x00000000f83a8eb0}> (0x00000000f83a8eb0) 
thrown [s\src\hotspot\share\prims\jni.cpp, line 520]
Event: 10.462 Thread 0x000001d0dfee9b30 Exception <a 'sun/nio/fs/WindowsException'{0x00000000f83a9928}> (0x00000000f83a9928) 
thrown [s\src\hotspot\share\prims\jni.cpp, line 520]
Event: 10.462 Thread 0x000001d0dfee9b30 Exception <a 'sun/nio/fs/WindowsException'{0x00000000f83aa488}> (0x00000000f83aa488) 
thrown [s\src\hotspot\share\prims\jni.cpp, line 520]
Event: 10.528 Thread 0x000001d0dfee9b30 Exception <a 'sun/nio/fs/WindowsException'{0x00000000f8b957d8}> (0x00000000f8b957d8) 
thrown [s\src\hotspot\share\prims\jni.cpp, line 520]
Event: 10.528 Thread 0x000001d0dfee9b30 Exception <a 'sun/nio/fs/WindowsException'{0x00000000f8b96250}> (0x00000000f8b96250) 
thrown [s\src\hotspot\share\prims\jni.cpp, line 520]
Event: 10.528 Thread 0x000001d0dfee9b30 Exception <a 'sun/nio/fs/WindowsException'{0x00000000f8b96db0}> (0x00000000f8b96db0) 
thrown [s\src\hotspot\share\prims\jni.cpp, line 520]

ZGC Phase Switch (0 events):
No events

VM Operations (20 events):
Event: 7.442 Executing non-safepoint VM operation: HandshakeAllThreads (Deoptimize)
Event: 7.443 Executing non-safepoint VM operation: HandshakeAllThreads (Deoptimize) done
Event: 7.664 Executing safepoint VM operation: GenCollectForAllocation (Allocation Failure)
Event: 7.692 Executing safepoint VM operation: GenCollectForAllocation (Allocation Failure) done
Event: 8.090 Executing safepoint VM operation: ICBufferFull
Event: 8.090 Executing safepoint VM operation: ICBufferFull done
Event: 8.236 Executing non-safepoint VM operation: HandshakeAllThreads (Deoptimize)
Event: 8.236 Executing non-safepoint VM operation: HandshakeAllThreads (Deoptimize) done
Event: 8.460 Executing safepoint VM operation: GenCollectForAllocation (Allocation Failure)
Event: 8.485 Executing safepoint VM operation: GenCollectForAllocation (Allocation Failure) done
Event: 9.376 Executing safepoint VM operation: GenCollectForAllocation (Allocation Failure)
Event: 9.396 Executing safepoint VM operation: GenCollectForAllocation (Allocation Failure) done
Event: 9.473 Executing non-safepoint VM operation: HandshakeAllThreads (Deoptimize)
Event: 9.473 Executing non-safepoint VM operation: HandshakeAllThreads (Deoptimize) done
Event: 10.078 Executing safepoint VM operation: GenCollectForAllocation (Allocation Failure)
Event: 10.094 Executing safepoint VM operation: GenCollectForAllocation (Allocation Failure) done
Event: 10.360 Executing safepoint VM operation: ICBufferFull
Event: 10.360 Executing safepoint VM operation: ICBufferFull done
Event: 10.423 Executing safepoint VM operation: GenCollectForAllocation (Allocation Failure)
Event: 10.434 Executing safepoint VM operation: GenCollectForAllocation (Allocation Failure) done

Memory protections (0 events):
No events

Nmethod flushes (0 events):
No events

Events (20 events):
Event: 6.236 Thread 0x000001d0fe19cd10 Thread added: 0x000001d0fed13100
Event: 6.236 Thread 0x000001d0fe19cd10 Thread added: 0x000001d0c12ed5f0
Event: 6.236 Thread 0x000001d0fe19cd10 Thread added: 0x000001d0fe984fc0
Event: 7.223 Thread 0x000001d0fe19cd10 Thread added: 0x000001d0fed9d5c0
Event: 7.228 Thread 0x000001d0fe984fc0 Thread added: 0x000001d0feb55990
Event: 7.228 Thread 0x000001d0fe984fc0 Thread added: 0x000001d0feb56040
Event: 8.492 Thread 0x000001d0feb56040 Thread exited: 0x000001d0feb56040
Event: 8.871 Thread 0x000001d0feb55990 Thread exited: 0x000001d0feb55990
Event: 8.954 Thread 0x000001d0fed9d5c0 Thread exited: 0x000001d0fed9d5c0
Event: 8.992 Thread 0x000001d0fe984fc0 Thread exited: 0x000001d0fe984fc0
Event: 9.039 Thread 0x000001d0c12ed5f0 Thread exited: 0x000001d0c12ed5f0
Event: 9.039 Thread 0x000001d0fed13100 Thread exited: 0x000001d0fed13100
Event: 9.039 Thread 0x000001d0fe11b1f0 Thread exited: 0x000001d0fe11b1f0
Event: 9.118 Thread 0x000001d0e1e68890 Thread added: 0x000001d0c12ed5f0
Event: 9.140 Thread 0x000001d0e1dbd670 Thread added: 0x000001d0feb55990
Event: 9.147 Thread 0x000001d0e1f65100 Thread added: 0x000001d0fe11b1f0
Event: 9.151 Thread 0x000001d0e1e68890 Thread added: 0x000001d0fed9d4b0
Event: 9.493 Thread 0x000001d0e1e68890 Thread added: 0x000001d0c378f3a0
Event: 9.558 Thread 0x000001d0e1f65100 Thread added: 0x000001d0ff1b61d0
Event: 9.569 Thread 0x000001d0e1f65100 Thread added: 0x000001d0c1c40920


Dynamic libraries:
0x00007ff67c900000 - 0x00007ff67c90e000 	C:\Program Files\Eclipse Adoptium\jdk-21.0.10.7-hotspot\bin\java.exe
0x00007ffb4b3e0000 - 0x00007ffb4b647000 	C:\WINDOWS\SYSTEM32\ntdll.dll
0x00007ffb49a20000 - 0x00007ffb49ae9000 	C:\WINDOWS\System32\KERNEL32.DLL
0x00007ffb48d70000 - 0x00007ffb49164000 	C:\WINDOWS\System32\KERNELBASE.dll
0x00007ffb48ab0000 - 0x00007ffb48bfb000 	C:\WINDOWS\System32\ucrtbase.dll
0x00007ffb3d140000 - 0x00007ffb3d15e000 	C:\Program Files\Eclipse Adoptium\jdk-21.0.10.7-hotspot\bin\VCRUNTIME140.dll
0x00007ffafe5b0000 - 0x00007ffafe5c8000 	C:\Program Files\Eclipse Adoptium\jdk-21.0.10.7-hotspot\bin\jli.dll
0x00007ffb49230000 - 0x00007ffb493f5000 	C:\WINDOWS\System32\USER32.dll
0x00007ffb2ce80000 - 0x00007ffb2d113000 	C:\WINDOWS\WinSxS\amd64_microsoft.windows.common-controls_6595b64144ccf1df_6.0.26100.8115_none_3e075c82e3354f9c\COMCTL32.dll
0x00007ffb48180000 - 0x00007ffb481a7000 	C:\WINDOWS\System32\win32u.dll
0x00007ffb4b200000 - 0x00007ffb4b2a9000 	C:\WINDOWS\System32\msvcrt.dll
0x00007ffb4b1b0000 - 0x00007ffb4b1db000 	C:\WINDOWS\System32\GDI32.dll
0x00007ffb47cb0000 - 0x00007ffb47ddb000 	C:\WINDOWS\System32\gdi32full.dll
0x00007ffb480d0000 - 0x00007ffb48173000 	C:\WINDOWS\System32\msvcp_win.dll
0x00007ffb4ad50000 - 0x00007ffb4ad82000 	C:\WINDOWS\System32\IMM32.DLL
0x00007ffb3d130000 - 0x00007ffb3d13c000 	C:\Program Files\Eclipse Adoptium\jdk-21.0.10.7-hotspot\bin\vcruntime140_1.dll
0x00007ffab68d0000 - 0x00007ffab695d000 	C:\Program Files\Eclipse Adoptium\jdk-21.0.10.7-hotspot\bin\msvcp140.dll
0x00007ffab8f10000 - 0x00007ffab9cb1000 	C:\Program Files\Eclipse Adoptium\jdk-21.0.10.7-hotspot\bin\server\jvm.dll
0x00007ffb49170000 - 0x00007ffb49226000 	C:\WINDOWS\System32\ADVAPI32.dll
0x00007ffb4a280000 - 0x00007ffb4a327000 	C:\WINDOWS\System32\sechost.dll
0x00007ffb4aaa0000 - 0x00007ffb4abb8000 	C:\WINDOWS\System32\RPCRT4.dll
0x00007ffb4abc0000 - 0x00007ffb4ac40000 	C:\WINDOWS\System32\WS2_32.dll
0x00007ffb47510000 - 0x00007ffb4756e000 	C:\WINDOWS\SYSTEM32\POWRPROF.dll
0x00007ffb3b180000 - 0x00007ffb3b1b6000 	C:\WINDOWS\SYSTEM32\WINMM.dll
0x00007ffb3dbe0000 - 0x00007ffb3dbeb000 	C:\WINDOWS\SYSTEM32\VERSION.dll
0x00007ffb474f0000 - 0x00007ffb47504000 	C:\WINDOWS\SYSTEM32\UMPDC.dll
0x00007ffb46a00000 - 0x00007ffb46a1b000 	C:\WINDOWS\SYSTEM32\kernel.appcore.dll
0x00007ffb3d120000 - 0x00007ffb3d12a000 	C:\Program Files\Eclipse Adoptium\jdk-21.0.10.7-hotspot\bin\jimage.dll
0x00007ffb45bc0000 - 0x00007ffb45e02000 	C:\WINDOWS\SYSTEM32\DBGHELP.DLL
0x00007ffb4ae20000 - 0x00007ffb4b1a2000 	C:\WINDOWS\System32\combase.dll
0x00007ffb49d60000 - 0x00007ffb49e38000 	C:\WINDOWS\System32\OLEAUT32.dll
0x00007ffb2af30000 - 0x00007ffb2af6b000 	C:\WINDOWS\SYSTEM32\dbgcore.DLL
0x00007ffb48c00000 - 0x00007ffb48ca5000 	C:\WINDOWS\System32\bcryptPrimitives.dll
0x00007ffb327e0000 - 0x00007ffb32800000 	C:\Program Files\Eclipse Adoptium\jdk-21.0.10.7-hotspot\bin\java.dll
0x00007ffb4a330000 - 0x00007ffb4aa97000 	C:\WINDOWS\System32\SHELL32.dll
0x00007ffb47f60000 - 0x00007ffb480ca000 	C:\WINDOWS\System32\wintypes.dll
0x00007ffb48240000 - 0x00007ffb48aa8000 	C:\WINDOWS\System32\windows.storage.dll
0x00007ffb4ac50000 - 0x00007ffb4ad48000 	C:\WINDOWS\System32\SHCORE.dll
0x00007ffb49cf0000 - 0x00007ffb49d56000 	C:\WINDOWS\System32\shlwapi.dll
0x00007ffb47bd0000 - 0x00007ffb47bf9000 	C:\WINDOWS\SYSTEM32\profapi.dll
0x00007ffacbf00000 - 0x00007ffacbfd7000 	C:\Program Files\Eclipse Adoptium\jdk-21.0.10.7-hotspot\bin\jsvml.dll
0x00007ffb327d0000 - 0x00007ffb327e0000 	C:\Program Files\Eclipse Adoptium\jdk-21.0.10.7-hotspot\bin\net.dll
0x00007ffb3dc30000 - 0x00007ffb3dd5d000 	C:\WINDOWS\SYSTEM32\WINHTTP.dll
0x00007ffb46f50000 - 0x00007ffb46fbc000 	C:\WINDOWS\system32\mswsock.dll
0x00007ffb1e8e0000 - 0x00007ffb1e8f6000 	C:\Program Files\Eclipse Adoptium\jdk-21.0.10.7-hotspot\bin\nio.dll
0x00007ffb1e8c0000 - 0x00007ffb1e8d8000 	C:\Program Files\Eclipse Adoptium\jdk-21.0.10.7-hotspot\bin\zip.dll
0x00007ffafdc90000 - 0x00007ffafdcb4000 	C:\Users\MSI\.m2\wrapper\dists\apache-maven-3.9.14\ed7edd442f634ac1c1ef5ba2b61b6d690b5221091f1a8e1123f5fadcc967520d\lib\jansi-native\Windows\x86_64\jansi.dll
0x00007ffb06750000 - 0x00007ffb06760000 	C:\Program Files\Eclipse Adoptium\jdk-21.0.10.7-hotspot\bin\verify.dll
0x00007ffb46b20000 - 0x00007ffb46b56000 	C:\WINDOWS\SYSTEM32\ntmarta.dll

JVMTI agents: none

dbghelp: loaded successfully - version: 4.0.5 - missing functions: none
symbol engine: initialized successfully - sym options: 0x614 - pdb path: .;C:\Program Files\Eclipse Adoptium\jdk-21.0.10.7-hotspot\bin;C:\WINDOWS\SYSTEM32;C:\WINDOWS\WinSxS\amd64_microsoft.windows.common-controls_6595b64144ccf1df_6.0.26100.8115_none_3e075c82e3354f9c;C:\Program Files\Eclipse Adoptium\jdk-21.0.10.7-hotspot\bin\server;C:\Users\MSI\.m2\wrapper\dists\apache-maven-3.9.14\ed7edd442f634ac1c1ef5ba2b61b6d690b5221091f1a8e1123f5fadcc967520d\lib\jansi-native\Windows\x86_64

VM Arguments:
jvm_args: --enable-native-access=ALL-UNNAMED -Xmx128m -XX:+UseSerialGC -Dclassworlds.conf=C:\Users\MSI\.m2\wrapper\dists\apache-maven-3.9.14\ed7edd442f634ac1c1ef5ba2b61b6d690b5221091f1a8e1123f5fadcc967520d\bin\m2.conf -Dmaven.home=C:\Users\MSI\.m2\wrapper\dists\apache-maven-3.9.14\ed7edd442f634ac1c1ef5ba2b61b6d690b5221091f1a8e1123f5fadcc967520d -Dlibrary.jansi.path=C:\Users\MSI\.m2\wrapper\dists\apache-maven-3.9.14\ed7edd442f634ac1c1ef5ba2b61b6d690b5221091f1a8e1123f5fadcc967520d\lib\jansi-native -Dmaven.multiModuleProjectDirectory=C:\Users\MSI\Desktop\Itpm sliit\it3030-paf-2026-smart-campus-Y3S1-WE-92\orbit-backend 
java_command: org.codehaus.plexus.classworlds.launcher.Launcher clean spring-boot:run -Dspring-boot.run.jvmArguments=-Xmx256m -XX:+UseSerialGC -XX:ReservedCodeCacheSize=64m
java_class_path (initial): C:\Users\MSI\.m2\wrapper\dists\apache-maven-3.9.14\ed7edd442f634ac1c1ef5ba2b61b6d690b5221091f1a8e1123f5fadcc967520d\boot\plexus-classworlds-2.9.0.jar
Launcher Type: SUN_STANDARD

[Global flags]
     intx CICompilerCount                          = 12                                        {product} {ergonomic}
   size_t InitialHeapSize                          = 134217728                                 {product} {ergonomic}
   size_t MaxHeapSize                              = 134217728                                 {product} {command line}
   size_t MaxNewSize                               = 44695552                                  {product} {ergonomic}
   size_t MinHeapDeltaBytes                        = 196608                                    {product} {ergonomic}
   size_t MinHeapSize                              = 8388608                                   {product} {ergonomic}
   size_t NewSize                                  = 44695552                                  {product} {ergonomic}
    uintx NonNMethodCodeHeapSize                   = 7602480                                {pd product} {ergonomic}
    uintx NonProfiledCodeHeapSize                  = 122027880                              {pd product} {ergonomic}
   size_t OldSize                                  = 89522176                                  {product} {ergonomic}
    uintx ProfiledCodeHeapSize                     = 122027880                              {pd product} {ergonomic}
    uintx ReservedCodeCacheSize                    = 251658240                              {pd product} {ergonomic}
     bool SegmentedCodeCache                       = true                                      {product} {ergonomic}
   size_t SoftMaxHeapSize                          = 134217728                              {manageable} {ergonomic}
     bool UseCompressedOops                        = true                           {product lp64_product} {ergonomic}
     bool UseLargePagesIndividualAllocation        = false                                  {pd product} {ergonomic}
     bool UseSerialGC                              = true                                      {product} {command line}

Logging:
Log output configuration:
 #0: stdout all=warning uptime,level,tags foldmultilines=false
 #1: stderr all=off uptime,level,tags foldmultilines=false

Release file:
IMPLEMENTOR="Eclipse Adoptium" 
IMPLEMENTOR_VERSION="Temurin-21.0.10+7" 
JAVA_RUNTIME_VERSION="21.0.10+7-LTS" 
JAVA_VERSION="21.0.10" 
JAVA_VERSION_DATE="2026-01-20" 
LIBC="default" 
MODULES="java.base java.compiler java.datatransfer java.xml java.prefs java.desktop java.instrument java.logging java.management java.security.sasl java.naming java.rmi java.management.rmi java.net.http java.scripting java.security.jgss java.transaction.xa java.sql java.sql.rowset java.xml.crypto java.se java.smartcardio jdk.accessibility jdk.internal.jvmstat jdk.attach jdk.charsets jdk.internal.opt jdk.zipfs jdk.compiler jdk.crypto.ec jdk.crypto.cryptoki jdk.crypto.mscapi jdk.dynalink jdk.internal.ed jdk.editpad jdk.hotspot.agent jdk.httpserver jdk.incubator.vector jdk.internal.le jdk.internal.vm.ci jdk.internal.vm.compiler jdk.internal.vm.compiler.management jdk.jartool jdk.javadoc jdk.jcmd jdk.management jdk.management.agent jdk.jconsole jdk.jdeps jdk.jdwp.agent jdk.jdi jdk.jfr jdk.jlink jdk.jpackage jdk.jshell jdk.jsobject jdk.jstatd jdk.localedata jdk.management.jfr jdk.naming.dns jdk.naming.rmi jdk.net jdk.nio.mapmode jdk.random jdk.sctp jdk.security.auth jdk.security.jgss jdk.unsupported jdk.unsupported.desktop jdk.xml.dom" 
OS_ARCH="x86_64" 
OS_NAME="Windows" 
SOURCE=".:git:a633eafe0fcc" 
BUILD_SOURCE="git:458965074606f027bd5afce2cfd5c1055dea0438"
BUILD_SOURCE_REPO="https://github.com/adoptium/temurin-build.git"
SOURCE_REPO="https://github.com/adoptium/jdk21u.git"
FULL_VERSION="21.0.10+7-LTS"
SEMANTIC_VERSION="21.0.10+7"
BUILD_INFO="OS: Windows Server 2022 Version: 10.0"
JVM_VARIANT="Hotspot"
JVM_VERSION="21.0.10+7-LTS"
IMAGE_TYPE="JDK"

Environment Variables:
JAVA_HOME=C:\Program Files\Eclipse Adoptium\jdk-21.0.10.7-hotspot
PATH=C:\Program Files\Eclipse Adoptium\jdk-21.0.10.7-hotspot\bin;C:\Program Files\Eclipse Adoptium\jdk-21.0.10.7-hotspot\bin;C:\Program Files\Common Files\Oracle\Java\javapath;C:\Program Files (x86)\Common Files\Oracle\Java\java8path;C:\Program Files (x86)\Common Files\Oracle\Java\javapath;C:\Program Files\Microsoft MPI\Bin\;C:\WINDOWS\system32;C:\WINDOWS;C:\WINDOWS\System32\Wbem;C:\WINDOWS\System32\WindowsPowerShell\v1.0\;C:\WINDOWS\System32\OpenSSH\;C:\Program Files (x86)\Microsoft SQL Server\160\Tools\Binn\;C:\Program Files\Microsoft SQL Server\160\Tools\Binn\;C:\Program Files\Microsoft SQL Server\Client SDK\ODBC\170\Tools\Binn\;C:\Program Files\Microsoft SQL Server\160\DTS\Binn\;C:\Program Files (x86)\Windows Kits\10\Windows Performance Toolkit\;C:\Program Files\Cloudflare\Cloudflare WARP\;C:\Program Files\MySQL\MySQL Server 8.0\bin;C:\Program Files\nodejs\;C:\ProgramData\chocolatey\bin;C:\Program Files\Git\cmd;C:\Program Files\cursor\resources\app\bin;C:\Program Files\Java\jdk-17\bin;C:\maven\apache-maven-3.9.14\bin;C:\Program Files\MongoDB\Server\8.2\bin;C:\Users\MSI\AppData\Local\Programs\Python\Launcher\;C:\Program Files\MySQL\MySQL Shell 8.0\bin\;C:\Users\MSI\AppData\Local\Microsoft\WindowsApps;C:\Users\MSI\AppData\Local\Programs\Microsoft VS Code\bin;C:\Users\MSI\AppData\Local\GitHubDesktop\bin;C:\Program Files\JetBrains\IntelliJ IDEA 2025.1.4.1\bin;;C:\Users\MSI\AppData\Roaming\npm;C:\Users\MSI\AppData\Local\Programs\Antigravity\bin;C:\Program Files\MongoDB\Server\8.2\bin;
USERNAME=MSI
OS=Windows_NT
PROCESSOR_IDENTIFIER=Intel64 Family 6 Model 186 Stepping 2, GenuineIntel
TMP=C:\Users\MSI\AppData\Local\Temp
TEMP=C:\Users\MSI\AppData\Local\Temp




Periodic native trim disabled

---------------  S Y S T E M  ---------------

OS:
 Windows 11 , 64 bit Build 26100 (10.0.26100.8246)
OS uptime: 0 days 8:01 hours
Hyper-V role detected

CPU: total 16 (initial active 16) (8 cores per cpu, 2 threads per core) family 6 model 186 stepping 2 microcode 0x410e, cx8, cmov, fxsr, ht, mmx, 3dnowpref, sse, sse2, sse3, ssse3, sse4.1, sse4.2, popcnt, lzcnt, tsc, tscinvbit, avx, avx2, aes, erms, clmul, bmi1, bmi2, adx, sha, fma, vzeroupper, clflush, clflushopt, clwb, hv, serialize, rdtscp, rdpid, fsrm, f16c, cet_ibt, cet_ss
Processor Information for processor 0
  Max Mhz: 2400, Current Mhz: 2400, Mhz Limit: 2400
Processor Information for processor 1
  Max Mhz: 2400, Current Mhz: 2400, Mhz Limit: 2400
Processor Information for processor 2
  Max Mhz: 2400, Current Mhz: 1520, Mhz Limit: 2400
Processor Information for processor 3
  Max Mhz: 2400, Current Mhz: 2400, Mhz Limit: 2400
Processor Information for processor 4
  Max Mhz: 2400, Current Mhz: 2400, Mhz Limit: 2400
Processor Information for processor 5
  Max Mhz: 2400, Current Mhz: 2400, Mhz Limit: 2400
Processor Information for processor 6
  Max Mhz: 2400, Current Mhz: 2400, Mhz Limit: 2400
Processor Information for processor 7
  Max Mhz: 2400, Current Mhz: 2400, Mhz Limit: 2400
Processor Information for processor 8
  Max Mhz: 2400, Current Mhz: 2400, Mhz Limit: 2400
Processor Information for processor 9
  Max Mhz: 2400, Current Mhz: 2400, Mhz Limit: 2400
Processor Information for processor 10
  Max Mhz: 2400, Current Mhz: 2400, Mhz Limit: 2400
Processor Information for processor 11
  Max Mhz: 2400, Current Mhz: 2400, Mhz Limit: 2400
Processor Information for processor 12
  Max Mhz: 2400, Current Mhz: 2400, Mhz Limit: 2400
Processor Information for processor 13
  Max Mhz: 2400, Current Mhz: 1466, Mhz Limit: 2400
Processor Information for processor 14
  Max Mhz: 2400, Current Mhz: 2400, Mhz Limit: 2400
Processor Information for processor 15
  Max Mhz: 2400, Current Mhz: 2400, Mhz Limit: 2400

Memory: 4k page, system-wide physical 16087M (1586M free)
TotalPageFile size 24208M (AvailPageFile size 7M)
current process WorkingSet (physical memory assigned to process): 300M, peak: 303M
current process commit charge ("private bytes"): 329M, peak: 333M

vm_info: OpenJDK 64-Bit Server VM (21.0.10+7-LTS) for windows-amd64 JRE (21.0.10+7-LTS), built on 2026-01-20T00:00:00Z by "admin" with MS VC++ 17.12 (VS2022)

END.
